<?xml version="1.0" encoding="UTF-8"?>
<!-- Generated by org.testng.reporters.JUnitReportReporter -->
<testsuite skipped="0" hostname="DESKTOP-CG9G5TL" name="FlipKartTest" tests="1" failures="0" timestamp="27 Oct 2019 16:34:20 GMT" time="45.968" errors="0">
  <testcase name="booking" time="45.968" classname="FlipKartTest"/>
</testsuite> <!-- FlipKartTest -->
